0 info it worked if it ends with ok
1 verbose cli [ '/usr/local/bin/node', '/usr/local/bin/npm', 'run', 'setup' ]
2 info using npm@1.4.28
3 info using node@v0.10.33
4 verbose run-script [ 'presetup', 'setup', 'postsetup' ]
5 info presetup npm-boiler-prompt@
6 info setup npm-boiler-prompt@
7 verbose unsafe-perm in lifecycle true
8 info npm-boiler-prompt@ Failed to exec setup script
9 error npm-boiler-prompt@ setup: `node ./index.js`
9 error Exit status 8
10 error Failed at the npm-boiler-prompt@ setup script.
10 error This is most likely a problem with the npm-boiler-prompt package,
10 error not with npm itself.
10 error Tell the author that this fails on your system:
10 error     node ./index.js
10 error You can get their info via:
10 error     npm owner ls npm-boiler-prompt
10 error There is likely additional logging output above.
11 error System Linux 3.13.0-24-generic
12 error command "/usr/local/bin/node" "/usr/local/bin/npm" "run" "setup"
13 error cwd /www/node/npm-boiler-prompt
14 error node -v v0.10.33
15 error npm -v 1.4.28
16 error code ELIFECYCLE
17 verbose exit [ 1, true ]
